<?xml version="1.0" encoding="UTF-8"?>
<!-- Generated by org.testng.reporters.JUnitReportReporter -->
<testsuite hostname="LAPTOP-41ROMJAC" failures="0" tests="1" name="testngpkg.Fileuploadrobot" time="5.186" errors="0" timestamp="2024-02-23T10:01:35 IST" skipped="0">
  <testcase classname="testngpkg.Fileuploadrobot" name="selectFile" time="5.186"/>
  <system-out/>
</testsuite> <!-- testngpkg.Fileuploadrobot -->
