<?xml version="1.0" encoding="UTF-8"?>
<!-- Generated by org.testng.reporters.JUnitReportReporter -->
<testsuite hostname="LAPTOP-41ROMJAC" failures="0" tests="1" name="testngpkg.Amazonscroll" time="3.857" errors="0" timestamp="2024-02-28T10:31:35 IST" skipped="0">
  <testcase classname="testngpkg.Amazonscroll" name="amazontest" time="3.857"/>
  <system-out/>
</testsuite> <!-- testngpkg.Amazonscroll -->
