<?xml version="1.0" encoding="UTF-8"?>
<!-- Generated by org.testng.reporters.JUnitReportReporter -->
<testsuite hostname="LAPTOP-41ROMJAC" failures="0" tests="3" name="testngpkg.Testrediff" time="24.019" errors="0" timestamp="2024-02-16T10:55:10 IST" skipped="0">
  <testcase classname="testngpkg.Testrediff" name="titleverification" time="22.612"/>
  <system-out/>
  <testcase classname="testngpkg.Testrediff" name="logoverification" time="0.708"/>
  <system-out/>
  <testcase classname="testngpkg.Testrediff" name="buttontestverification" time="0.699"/>
  <system-out/>
</testsuite> <!-- testngpkg.Testrediff -->
