<?xml version="1.0" encoding="UTF-8"?>
<!-- Generated by org.testng.reporters.JUnitReportReporter -->
<testsuite hostname="LAPTOP-41ROMJAC" failures="0" tests="1" name="testngpkg.Copypaste" time="0.502" errors="0" timestamp="2024-02-21T09:47:27 IST" skipped="0">
  <testcase classname="testngpkg.Copypaste" name="copypastemethod" time="0.502"/>
  <system-out/>
</testsuite> <!-- testngpkg.Copypaste -->
