<?xml version="1.0" encoding="UTF-8"?>
<!-- Generated by org.testng.reporters.JUnitReportReporter -->
<testsuite hostname="LAPTOP-41ROMJAC" failures="0" tests="1" name="testngpkg.Blockpopup" time="40.699" errors="0" timestamp="2024-02-28T10:50:59 IST" skipped="0">
  <testcase classname="testngpkg.Blockpopup" name="test" time="40.699"/>
  <system-out/>
</testsuite> <!-- testngpkg.Blockpopup -->
