<?xml version="1.0" encoding="UTF-8"?>
<!-- Generated by org.testng.reporters.JUnitReportReporter -->
<testsuite hostname="LAPTOP-41ROMJAC" failures="0" tests="1" name="testpkg.Fblogincreatetest" time="1.962" errors="0" timestamp="2024-03-06T10:55:33 IST" skipped="0">
  <testcase classname="testpkg.Fblogincreatetest" name="testlogin" time="1.962"/>
  <system-out/>
</testsuite> <!-- testpkg.Fblogincreatetest -->
