<?xml version="1.0" encoding="UTF-8"?>
<!-- Generated by org.testng.reporters.JUnitReportReporter -->
<testsuite hostname="LAPTOP-41ROMJAC" failures="0" tests="1" name="testngpkg.Trivagodatepicker" time="8.167" errors="0" timestamp="2024-03-01T10:59:32 IST" skipped="0">
  <testcase classname="testngpkg.Trivagodatepicker" name="test" time="8.167"/>
  <system-out/>
</testsuite> <!-- testngpkg.Trivagodatepicker -->
