<?xml version="1.0" encoding="UTF-8"?>
<!-- Generated by org.testng.reporters.JUnitReportReporter -->
<testsuite hostname="LAPTOP-41ROMJAC" failures="0" tests="1" name="testngpkg.Automationexercise" time="7.760" errors="0" timestamp="2024-02-29T10:06:00 IST" skipped="0">
  <testcase classname="testngpkg.Automationexercise" name="signup" time="7.760"/>
  <system-out/>
</testsuite> <!-- testngpkg.Automationexercise -->
