<?xml version="1.0" encoding="UTF-8"?>
<!-- Generated by org.testng.reporters.JUnitReportReporter -->
<testsuite hostname="LAPTOP-41ROMJAC" failures="0" tests="1" name="testngpkg.Multiplewindowhandler" time="6.336" errors="0" timestamp="2024-02-27T10:48:29 IST" skipped="0">
  <testcase classname="testngpkg.Multiplewindowhandler" name="test" time="6.336"/>
  <system-out/>
</testsuite> <!-- testngpkg.Multiplewindowhandler -->
