<?xml version="1.0" encoding="UTF-8"?>
<!-- Generated by org.testng.reporters.JUnitReportReporter -->
<testsuite hostname="LAPTOP-41ROMJAC" failures="0" tests="1" name="testngpkg.Datadrivenfb" time="11.727" errors="0" timestamp="2024-02-26T10:38:57 IST" skipped="0">
  <testcase classname="testngpkg.Datadrivenfb" name="datadriven" time="11.727"/>
  <system-out/>
</testsuite> <!-- testngpkg.Datadrivenfb -->
