<?xml version="1.0" encoding="UTF-8"?>
<!-- Generated by org.testng.reporters.JUnitReportReporter -->
<testsuite hostname="LAPTOP-41ROMJAC" failures="0" tests="1" name="testngpkg.Loginverification" time="6.320" errors="0" timestamp="2024-02-26T11:06:11 IST" skipped="0">
  <testcase classname="testngpkg.Loginverification" name="logIn" time="6.320"/>
  <system-out/>
</testsuite> <!-- testngpkg.Loginverification -->
