<?xml version="1.0" encoding="UTF-8"?>
<!-- Generated by org.testng.reporters.JUnitReportReporter -->
<testsuite hostname="LAPTOP-41ROMJAC" failures="0" tests="3" name="testngpkg.Crossbrowsertest" time="9.219" errors="0" timestamp="2024-02-20T11:18:43 IST" skipped="0">
  <testcase classname="testngpkg.Crossbrowsertest" name="test" time="1.412"/>
  <system-out/>
  <testcase classname="testngpkg.Crossbrowsertest" name="test" time="2.240"/>
  <system-out/>
  <testcase classname="testngpkg.Crossbrowsertest" name="test" time="5.567"/>
  <system-out/>
</testsuite> <!-- testngpkg.Crossbrowsertest -->
