<?xml version="1.0" encoding="UTF-8"?>
<!-- Generated by org.testng.reporters.JUnitReportReporter -->
<testsuite hostname="LAPTOP-41ROMJAC" failures="0" tests="1" name="testngpkg.Amazonwindow" time="63.291" errors="0" timestamp="2024-02-27T18:36:13 IST" skipped="0">
  <testcase classname="testngpkg.Amazonwindow" name="amazonsearch" time="63.291"/>
  <system-out/>
</testsuite> <!-- testngpkg.Amazonwindow -->
