<?xml version="1.0" encoding="UTF-8"?>
<!-- Generated by org.testng.reporters.JUnitReportReporter -->
<testsuite hostname="LAPTOP-41ROMJAC" failures="0" tests="1" name="testngpkg.Facebooklogin" time="0.119" errors="0" timestamp="2024-02-20T10:21:43 IST" skipped="0">
  <testcase classname="testngpkg.Facebooklogin" name="test1" time="0.119"/>
  <system-out/>
</testsuite> <!-- testngpkg.Facebooklogin -->
