<?xml version="1.0" encoding="UTF-8"?>
<!-- Generated by org.testng.reporters.JUnitReportReporter -->
<testsuite hostname="LAPTOP-41ROMJAC" failures="0" tests="1" name="testngpkg.Rightclick" time="0.438" errors="0" timestamp="2024-02-22T09:56:31 IST" skipped="0">
  <testcase classname="testngpkg.Rightclick" name="rightclickmethod" time="0.438"/>
  <system-out/>
</testsuite> <!-- testngpkg.Rightclick -->
