<?xml version="1.0" encoding="UTF-8"?>
<!-- Generated by org.testng.reporters.JUnitReportReporter -->
<testsuite hostname="LAPTOP-41ROMJAC" failures="0" tests="1" name="testngpkg.Ebay" time="3.464" errors="0" timestamp="2024-02-28T09:58:15 IST" skipped="0">
  <testcase classname="testngpkg.Ebay" name="ebaytest" time="3.464"/>
  <system-out/>
</testsuite> <!-- testngpkg.Ebay -->
