<?xml version="1.0" encoding="UTF-8"?>
<!-- Generated by org.testng.reporters.JUnitReportReporter -->
<testsuite hostname="LAPTOP-41ROMJAC" failures="0" tests="1" name="testngpkg.Datepicker" time="10.261" errors="0" timestamp="2024-03-01T10:31:11 IST" skipped="0">
  <testcase classname="testngpkg.Datepicker" name="datepicker" time="10.261"/>
  <system-out/>
</testsuite> <!-- testngpkg.Datepicker -->
