<?xml version="1.0" encoding="UTF-8"?>
<!-- Generated by org.testng.reporters.JUnitReportReporter -->
<testsuite hostname="LAPTOP-41ROMJAC" failures="0" tests="1" name="testpkg.Fblogintest" time="0.184" errors="0" timestamp="2024-03-06T10:07:33 IST" skipped="0">
  <testcase classname="testpkg.Fblogintest" name="testlogin" time="0.184"/>
  <system-out/>
</testsuite> <!-- testpkg.Fblogintest -->
